Oct-30 21:48:02.183 [main] DEBUG nextflow.cli.Launcher - $> nextflow run main.nf -resume -bg
Oct-30 21:48:02.313 [main] INFO  nextflow.cli.CmdRun - N E X T F L O W  ~  version 24.04.4
Oct-30 21:48:02.339 [main] DEBUG nextflow.plugin.PluginsFacade - Setting up plugin manager > mode=prod; embedded=false; plugins-dir=/Users/yanyan/.nextflow/plugins; core-plugins: nf-amazon@2.5.3,nf-azure@1.6.1,nf-cloudcache@0.4.1,nf-codecommit@0.2.1,nf-console@1.1.3,nf-ga4gh@1.3.0,nf-google@1.13.2-patch1,nf-tower@1.9.1,nf-wave@1.4.2-patch1
Oct-30 21:48:02.356 [main] INFO  o.pf4j.DefaultPluginStatusProvider - Enabled plugins: []
Oct-30 21:48:02.358 [main] INFO  o.pf4j.DefaultPluginStatusProvider - Disabled plugins: []
Oct-30 21:48:02.363 [main] INFO  org.pf4j.DefaultPluginManager - PF4J version 3.12.0 in 'deployment' mode
Oct-30 21:48:02.380 [main] INFO  org.pf4j.AbstractPluginManager - No plugins
Oct-30 21:48:02.409 [main] DEBUG nextflow.config.ConfigBuilder - Found config local: /Users/yanyan/Documents/projects/pipeline_improvement/nextflow-assembly-unaligned/nextflow.config
Oct-30 21:48:02.413 [main] DEBUG nextflow.config.ConfigBuilder - Parsing config file: /Users/yanyan/Documents/projects/pipeline_improvement/nextflow-assembly-unaligned/nextflow.config
Oct-30 21:48:02.453 [main] DEBUG n.secret.LocalSecretsProvider - Secrets store: /Users/yanyan/.nextflow/secrets/store.json
Oct-30 21:48:02.458 [main] DEBUG nextflow.secret.SecretsLoader - Discovered secrets providers: [nextflow.secret.LocalSecretsProvider@411291e5] - activable => nextflow.secret.LocalSecretsProvider@411291e5
Oct-30 21:48:02.466 [main] DEBUG nextflow.config.ConfigBuilder - Applying config profile: `standard`
Oct-30 21:48:03.111 [main] DEBUG nextflow.cli.CmdRun - Applied DSL=2 by global default
Oct-30 21:48:03.139 [main] INFO  nextflow.cli.CmdRun - Launching `main.nf` [wise_euler] DSL2 - revision: f8de425fdd
Oct-30 21:48:03.140 [main] DEBUG nextflow.plugin.PluginsFacade - Plugins default=[]
Oct-30 21:48:03.141 [main] DEBUG nextflow.plugin.PluginsFacade - Plugins resolved requirement=[]
Oct-30 21:48:03.234 [main] DEBUG nextflow.Session - Session UUID: 1241bac1-6847-4355-9e64-4718669f7faf
Oct-30 21:48:03.235 [main] DEBUG nextflow.Session - Run name: wise_euler
Oct-30 21:48:03.235 [main] DEBUG nextflow.Session - Executor pool size: 12
Oct-30 21:48:03.247 [main] DEBUG nextflow.file.FilePorter - File porter settings maxRetries=3; maxTransfers=50; pollTimeout=null
Oct-30 21:48:03.256 [main] DEBUG nextflow.util.ThreadPoolBuilder - Creating thread pool 'FileTransfer' minSize=10; maxSize=36; workQueue=LinkedBlockingQueue[10000]; allowCoreThreadTimeout=false
Oct-30 21:48:03.288 [main] DEBUG nextflow.cli.CmdRun - 
  Version: 24.04.4 build 5917
  Created: 01-08-2024 07:05 UTC (03:05 EDT)
  System: Mac OS X 15.1.1
  Runtime: Groovy 4.0.21 on OpenJDK 64-Bit Server VM 17.0.3+7-LTS
  Encoding: UTF-8 (UTF-8)
  Process: 66765@Yanyans-MacBook-Pro-0622RE.local [127.0.0.1]
  CPUs: 12 - Mem: 16 GB (15.4 MB) - Swap: 5 GB (1 GB)
Oct-30 21:48:03.315 [main] DEBUG nextflow.Session - Work-dir: /Users/yanyan/Documents/projects/pipeline_improvement/nextflow-assembly-unaligned/work [Mac OS X]
Oct-30 21:48:03.340 [main] DEBUG nextflow.executor.ExecutorFactory - Extension executors providers=[]
Oct-30 21:48:03.355 [main] DEBUG nextflow.Session - Observer factory: DefaultObserverFactory
Oct-30 21:48:03.404 [main] DEBUG nextflow.cache.CacheFactory - Using Nextflow cache factory: nextflow.cache.DefaultCacheFactory
Oct-30 21:48:03.427 [main] DEBUG nextflow.util.CustomThreadPool - Creating default thread pool > poolSize: 13; maxThreads: 1000
Oct-30 21:48:03.511 [main] DEBUG nextflow.Session - Session start
Oct-30 21:48:03.763 [main] DEBUG nextflow.script.ScriptRunner - > Launching execution
Oct-30 21:48:04.150 [main] DEBUG nextflow.executor.ExecutorFactory - << taskConfig executor: null
Oct-30 21:48:04.150 [main] DEBUG nextflow.executor.ExecutorFactory - >> processorType: 'local'
Oct-30 21:48:04.159 [main] DEBUG nextflow.executor.Executor - [warm up] executor > local
Oct-30 21:48:04.168 [main] DEBUG n.processor.LocalPollingMonitor - Creating local task monitor for executor 'local' > cpus=12; memory=16 GB; capacity=12; pollInterval=100ms; dumpInterval=5m
Oct-30 21:48:04.172 [main] DEBUG n.processor.TaskPollingMonitor - >>> barrier register (monitor: local)
Oct-30 21:48:04.253 [main] DEBUG nextflow.Session - Workflow process names [dsl2]: CALC_UNALIGNED_STATS
Oct-30 21:48:04.254 [main] DEBUG nextflow.Session - Igniting dataflow network (3)
Oct-30 21:48:04.262 [main] DEBUG nextflow.processor.TaskProcessor - Starting process > CALC_UNALIGNED_STATS
Oct-30 21:48:04.263 [main] DEBUG nextflow.script.ScriptRunner - Parsed script files:
  Script_1acf5591201f6541: /Users/yanyan/Documents/projects/pipeline_improvement/nextflow-assembly-unaligned/./modules/CALC_UNALIGNED_STATS.nf
  Script_548c526655e39736: /Users/yanyan/Documents/projects/pipeline_improvement/nextflow-assembly-unaligned/main.nf
Oct-30 21:48:04.263 [main] DEBUG nextflow.script.ScriptRunner - > Awaiting termination 
Oct-30 21:48:04.263 [main] DEBUG nextflow.Session - Session await
Oct-30 21:48:04.265 [PathVisitor-1] DEBUG nextflow.file.PathVisitor - files for syntax: glob; folder: tests/aligned/; pattern: *; options: [:]
Oct-30 21:48:04.265 [PathVisitor-2] DEBUG nextflow.file.PathVisitor - files for syntax: glob; folder: tests/unaligned/; pattern: *; options: [:]
Oct-30 21:48:04.573 [Task submitter] DEBUG n.executor.local.LocalTaskHandler - Launch cmd line: /bin/bash -ue .command.run
Oct-30 21:48:04.577 [Task submitter] INFO  nextflow.Session - [7f/b1c2dc] Submitted process > CALC_UNALIGNED_STATS (24300FL-09-01-66_S442_L008-contigs)
Oct-30 21:48:04.592 [Task submitter] DEBUG n.executor.local.LocalTaskHandler - Launch cmd line: /bin/bash -ue .command.run
Oct-30 21:48:04.594 [Task submitter] INFO  nextflow.Session - [4e/a0d149] Submitted process > CALC_UNALIGNED_STATS (24300FL-09-01-85_S461_L008-contigs)
Oct-30 21:53:04.386 [Task monitor] DEBUG n.processor.TaskPollingMonitor - !! executor local > tasks to be completed: 2 -- submitted tasks are shown below
~> TaskHandler[id: 2; name: CALC_UNALIGNED_STATS (24300FL-09-01-66_S442_L008-contigs); status: RUNNING; exit: -; error: -; workDir: /Users/yanyan/Documents/projects/pipeline_improvement/nextflow-assembly-unaligned/work/7f/b1c2dc5416d9329562d03f7727193c]
~> TaskHandler[id: 1; name: CALC_UNALIGNED_STATS (24300FL-09-01-85_S461_L008-contigs); status: RUNNING; exit: -; error: -; workDir: /Users/yanyan/Documents/projects/pipeline_improvement/nextflow-assembly-unaligned/work/4e/a0d1490546f49cad4a3d22024c2699]
Oct-30 21:58:04.445 [Task monitor] DEBUG n.processor.TaskPollingMonitor - !! executor local > tasks to be completed: 2 -- submitted tasks are shown below
~> TaskHandler[id: 2; name: CALC_UNALIGNED_STATS (24300FL-09-01-66_S442_L008-contigs); status: RUNNING; exit: -; error: -; workDir: /Users/yanyan/Documents/projects/pipeline_improvement/nextflow-assembly-unaligned/work/7f/b1c2dc5416d9329562d03f7727193c]
~> TaskHandler[id: 1; name: CALC_UNALIGNED_STATS (24300FL-09-01-85_S461_L008-contigs); status: RUNNING; exit: -; error: -; workDir: /Users/yanyan/Documents/projects/pipeline_improvement/nextflow-assembly-unaligned/work/4e/a0d1490546f49cad4a3d22024c2699]
Oct-30 22:03:04.520 [Task monitor] DEBUG n.processor.TaskPollingMonitor - !! executor local > tasks to be completed: 2 -- submitted tasks are shown below
~> TaskHandler[id: 2; name: CALC_UNALIGNED_STATS (24300FL-09-01-66_S442_L008-contigs); status: RUNNING; exit: -; error: -; workDir: /Users/yanyan/Documents/projects/pipeline_improvement/nextflow-assembly-unaligned/work/7f/b1c2dc5416d9329562d03f7727193c]
~> TaskHandler[id: 1; name: CALC_UNALIGNED_STATS (24300FL-09-01-85_S461_L008-contigs); status: RUNNING; exit: -; error: -; workDir: /Users/yanyan/Documents/projects/pipeline_improvement/nextflow-assembly-unaligned/work/4e/a0d1490546f49cad4a3d22024c2699]
Oct-30 22:08:04.552 [Task monitor] DEBUG n.processor.TaskPollingMonitor - !! executor local > tasks to be completed: 2 -- submitted tasks are shown below
~> TaskHandler[id: 2; name: CALC_UNALIGNED_STATS (24300FL-09-01-66_S442_L008-contigs); status: RUNNING; exit: -; error: -; workDir: /Users/yanyan/Documents/projects/pipeline_improvement/nextflow-assembly-unaligned/work/7f/b1c2dc5416d9329562d03f7727193c]
~> TaskHandler[id: 1; name: CALC_UNALIGNED_STATS (24300FL-09-01-85_S461_L008-contigs); status: RUNNING; exit: -; error: -; workDir: /Users/yanyan/Documents/projects/pipeline_improvement/nextflow-assembly-unaligned/work/4e/a0d1490546f49cad4a3d22024c2699]
Oct-30 22:13:04.561 [Task monitor] DEBUG n.processor.TaskPollingMonitor - !! executor local > tasks to be completed: 2 -- submitted tasks are shown below
~> TaskHandler[id: 2; name: CALC_UNALIGNED_STATS (24300FL-09-01-66_S442_L008-contigs); status: RUNNING; exit: -; error: -; workDir: /Users/yanyan/Documents/projects/pipeline_improvement/nextflow-assembly-unaligned/work/7f/b1c2dc5416d9329562d03f7727193c]
~> TaskHandler[id: 1; name: CALC_UNALIGNED_STATS (24300FL-09-01-85_S461_L008-contigs); status: RUNNING; exit: -; error: -; workDir: /Users/yanyan/Documents/projects/pipeline_improvement/nextflow-assembly-unaligned/work/4e/a0d1490546f49cad4a3d22024c2699]
Oct-30 22:18:04.624 [Task monitor] DEBUG n.processor.TaskPollingMonitor - !! executor local > tasks to be completed: 2 -- submitted tasks are shown below
~> TaskHandler[id: 2; name: CALC_UNALIGNED_STATS (24300FL-09-01-66_S442_L008-contigs); status: RUNNING; exit: -; error: -; workDir: /Users/yanyan/Documents/projects/pipeline_improvement/nextflow-assembly-unaligned/work/7f/b1c2dc5416d9329562d03f7727193c]
~> TaskHandler[id: 1; name: CALC_UNALIGNED_STATS (24300FL-09-01-85_S461_L008-contigs); status: RUNNING; exit: -; error: -; workDir: /Users/yanyan/Documents/projects/pipeline_improvement/nextflow-assembly-unaligned/work/4e/a0d1490546f49cad4a3d22024c2699]
Oct-30 22:52:06.192 [Task monitor] DEBUG n.processor.TaskPollingMonitor - !! executor local > tasks to be completed: 2 -- submitted tasks are shown below
~> TaskHandler[id: 2; name: CALC_UNALIGNED_STATS (24300FL-09-01-66_S442_L008-contigs); status: RUNNING; exit: -; error: -; workDir: /Users/yanyan/Documents/projects/pipeline_improvement/nextflow-assembly-unaligned/work/7f/b1c2dc5416d9329562d03f7727193c]
~> TaskHandler[id: 1; name: CALC_UNALIGNED_STATS (24300FL-09-01-85_S461_L008-contigs); status: RUNNING; exit: -; error: -; workDir: /Users/yanyan/Documents/projects/pipeline_improvement/nextflow-assembly-unaligned/work/4e/a0d1490546f49cad4a3d22024c2699]
Oct-30 22:57:06.173 [Task monitor] DEBUG n.processor.TaskPollingMonitor - !! executor local > tasks to be completed: 2 -- submitted tasks are shown below
~> TaskHandler[id: 2; name: CALC_UNALIGNED_STATS (24300FL-09-01-66_S442_L008-contigs); status: RUNNING; exit: -; error: -; workDir: /Users/yanyan/Documents/projects/pipeline_improvement/nextflow-assembly-unaligned/work/7f/b1c2dc5416d9329562d03f7727193c]
~> TaskHandler[id: 1; name: CALC_UNALIGNED_STATS (24300FL-09-01-85_S461_L008-contigs); status: RUNNING; exit: -; error: -; workDir: /Users/yanyan/Documents/projects/pipeline_improvement/nextflow-assembly-unaligned/work/4e/a0d1490546f49cad4a3d22024c2699]
Oct-30 23:02:06.203 [Task monitor] DEBUG n.processor.TaskPollingMonitor - !! executor local > tasks to be completed: 2 -- submitted tasks are shown below
~> TaskHandler[id: 2; name: CALC_UNALIGNED_STATS (24300FL-09-01-66_S442_L008-contigs); status: RUNNING; exit: -; error: -; workDir: /Users/yanyan/Documents/projects/pipeline_improvement/nextflow-assembly-unaligned/work/7f/b1c2dc5416d9329562d03f7727193c]
~> TaskHandler[id: 1; name: CALC_UNALIGNED_STATS (24300FL-09-01-85_S461_L008-contigs); status: RUNNING; exit: -; error: -; workDir: /Users/yanyan/Documents/projects/pipeline_improvement/nextflow-assembly-unaligned/work/4e/a0d1490546f49cad4a3d22024c2699]
Oct-30 23:20:41.369 [Task monitor] DEBUG n.processor.TaskPollingMonitor - !! executor local > tasks to be completed: 2 -- submitted tasks are shown below
~> TaskHandler[id: 2; name: CALC_UNALIGNED_STATS (24300FL-09-01-66_S442_L008-contigs); status: RUNNING; exit: -; error: -; workDir: /Users/yanyan/Documents/projects/pipeline_improvement/nextflow-assembly-unaligned/work/7f/b1c2dc5416d9329562d03f7727193c]
~> TaskHandler[id: 1; name: CALC_UNALIGNED_STATS (24300FL-09-01-85_S461_L008-contigs); status: RUNNING; exit: -; error: -; workDir: /Users/yanyan/Documents/projects/pipeline_improvement/nextflow-assembly-unaligned/work/4e/a0d1490546f49cad4a3d22024c2699]
Oct-30 23:25:41.050 [Task monitor] DEBUG n.processor.TaskPollingMonitor - !! executor local > tasks to be completed: 2 -- submitted tasks are shown below
~> TaskHandler[id: 2; name: CALC_UNALIGNED_STATS (24300FL-09-01-66_S442_L008-contigs); status: RUNNING; exit: -; error: -; workDir: /Users/yanyan/Documents/projects/pipeline_improvement/nextflow-assembly-unaligned/work/7f/b1c2dc5416d9329562d03f7727193c]
~> TaskHandler[id: 1; name: CALC_UNALIGNED_STATS (24300FL-09-01-85_S461_L008-contigs); status: RUNNING; exit: -; error: -; workDir: /Users/yanyan/Documents/projects/pipeline_improvement/nextflow-assembly-unaligned/work/4e/a0d1490546f49cad4a3d22024c2699]
Oct-30 23:43:56.978 [Task monitor] DEBUG n.processor.TaskPollingMonitor - !! executor local > tasks to be completed: 2 -- submitted tasks are shown below
~> TaskHandler[id: 2; name: CALC_UNALIGNED_STATS (24300FL-09-01-66_S442_L008-contigs); status: RUNNING; exit: -; error: -; workDir: /Users/yanyan/Documents/projects/pipeline_improvement/nextflow-assembly-unaligned/work/7f/b1c2dc5416d9329562d03f7727193c]
~> TaskHandler[id: 1; name: CALC_UNALIGNED_STATS (24300FL-09-01-85_S461_L008-contigs); status: RUNNING; exit: -; error: -; workDir: /Users/yanyan/Documents/projects/pipeline_improvement/nextflow-assembly-unaligned/work/4e/a0d1490546f49cad4a3d22024c2699]
Oct-30 23:48:57.035 [Task monitor] DEBUG n.processor.TaskPollingMonitor - !! executor local > tasks to be completed: 2 -- submitted tasks are shown below
~> TaskHandler[id: 2; name: CALC_UNALIGNED_STATS (24300FL-09-01-66_S442_L008-contigs); status: RUNNING; exit: -; error: -; workDir: /Users/yanyan/Documents/projects/pipeline_improvement/nextflow-assembly-unaligned/work/7f/b1c2dc5416d9329562d03f7727193c]
~> TaskHandler[id: 1; name: CALC_UNALIGNED_STATS (24300FL-09-01-85_S461_L008-contigs); status: RUNNING; exit: -; error: -; workDir: /Users/yanyan/Documents/projects/pipeline_improvement/nextflow-assembly-unaligned/work/4e/a0d1490546f49cad4a3d22024c2699]
Oct-30 23:53:57.056 [Task monitor] DEBUG n.processor.TaskPollingMonitor - !! executor local > tasks to be completed: 2 -- submitted tasks are shown below
~> TaskHandler[id: 2; name: CALC_UNALIGNED_STATS (24300FL-09-01-66_S442_L008-contigs); status: RUNNING; exit: -; error: -; workDir: /Users/yanyan/Documents/projects/pipeline_improvement/nextflow-assembly-unaligned/work/7f/b1c2dc5416d9329562d03f7727193c]
~> TaskHandler[id: 1; name: CALC_UNALIGNED_STATS (24300FL-09-01-85_S461_L008-contigs); status: RUNNING; exit: -; error: -; workDir: /Users/yanyan/Documents/projects/pipeline_improvement/nextflow-assembly-unaligned/work/4e/a0d1490546f49cad4a3d22024c2699]
Oct-30 23:58:57.084 [Task monitor] DEBUG n.processor.TaskPollingMonitor - !! executor local > tasks to be completed: 2 -- submitted tasks are shown below
~> TaskHandler[id: 2; name: CALC_UNALIGNED_STATS (24300FL-09-01-66_S442_L008-contigs); status: RUNNING; exit: -; error: -; workDir: /Users/yanyan/Documents/projects/pipeline_improvement/nextflow-assembly-unaligned/work/7f/b1c2dc5416d9329562d03f7727193c]
~> TaskHandler[id: 1; name: CALC_UNALIGNED_STATS (24300FL-09-01-85_S461_L008-contigs); status: RUNNING; exit: -; error: -; workDir: /Users/yanyan/Documents/projects/pipeline_improvement/nextflow-assembly-unaligned/work/4e/a0d1490546f49cad4a3d22024c2699]
Oct-31 00:03:57.197 [Task monitor] DEBUG n.processor.TaskPollingMonitor - !! executor local > tasks to be completed: 2 -- submitted tasks are shown below
~> TaskHandler[id: 2; name: CALC_UNALIGNED_STATS (24300FL-09-01-66_S442_L008-contigs); status: RUNNING; exit: -; error: -; workDir: /Users/yanyan/Documents/projects/pipeline_improvement/nextflow-assembly-unaligned/work/7f/b1c2dc5416d9329562d03f7727193c]
~> TaskHandler[id: 1; name: CALC_UNALIGNED_STATS (24300FL-09-01-85_S461_L008-contigs); status: RUNNING; exit: -; error: -; workDir: /Users/yanyan/Documents/projects/pipeline_improvement/nextflow-assembly-unaligned/work/4e/a0d1490546f49cad4a3d22024c2699]
Oct-31 00:08:57.217 [Task monitor] DEBUG n.processor.TaskPollingMonitor - !! executor local > tasks to be completed: 2 -- submitted tasks are shown below
~> TaskHandler[id: 2; name: CALC_UNALIGNED_STATS (24300FL-09-01-66_S442_L008-contigs); status: RUNNING; exit: -; error: -; workDir: /Users/yanyan/Documents/projects/pipeline_improvement/nextflow-assembly-unaligned/work/7f/b1c2dc5416d9329562d03f7727193c]
~> TaskHandler[id: 1; name: CALC_UNALIGNED_STATS (24300FL-09-01-85_S461_L008-contigs); status: RUNNING; exit: -; error: -; workDir: /Users/yanyan/Documents/projects/pipeline_improvement/nextflow-assembly-unaligned/work/4e/a0d1490546f49cad4a3d22024c2699]
Oct-31 00:13:57.270 [Task monitor] DEBUG n.processor.TaskPollingMonitor - !! executor local > tasks to be completed: 2 -- submitted tasks are shown below
~> TaskHandler[id: 2; name: CALC_UNALIGNED_STATS (24300FL-09-01-66_S442_L008-contigs); status: RUNNING; exit: -; error: -; workDir: /Users/yanyan/Documents/projects/pipeline_improvement/nextflow-assembly-unaligned/work/7f/b1c2dc5416d9329562d03f7727193c]
~> TaskHandler[id: 1; name: CALC_UNALIGNED_STATS (24300FL-09-01-85_S461_L008-contigs); status: RUNNING; exit: -; error: -; workDir: /Users/yanyan/Documents/projects/pipeline_improvement/nextflow-assembly-unaligned/work/4e/a0d1490546f49cad4a3d22024c2699]
Oct-31 00:18:57.332 [Task monitor] DEBUG n.processor.TaskPollingMonitor - !! executor local > tasks to be completed: 2 -- submitted tasks are shown below
~> TaskHandler[id: 2; name: CALC_UNALIGNED_STATS (24300FL-09-01-66_S442_L008-contigs); status: RUNNING; exit: -; error: -; workDir: /Users/yanyan/Documents/projects/pipeline_improvement/nextflow-assembly-unaligned/work/7f/b1c2dc5416d9329562d03f7727193c]
~> TaskHandler[id: 1; name: CALC_UNALIGNED_STATS (24300FL-09-01-85_S461_L008-contigs); status: RUNNING; exit: -; error: -; workDir: /Users/yanyan/Documents/projects/pipeline_improvement/nextflow-assembly-unaligned/work/4e/a0d1490546f49cad4a3d22024c2699]
Oct-31 00:23:57.379 [Task monitor] DEBUG n.processor.TaskPollingMonitor - !! executor local > tasks to be completed: 2 -- submitted tasks are shown below
~> TaskHandler[id: 2; name: CALC_UNALIGNED_STATS (24300FL-09-01-66_S442_L008-contigs); status: RUNNING; exit: -; error: -; workDir: /Users/yanyan/Documents/projects/pipeline_improvement/nextflow-assembly-unaligned/work/7f/b1c2dc5416d9329562d03f7727193c]
~> TaskHandler[id: 1; name: CALC_UNALIGNED_STATS (24300FL-09-01-85_S461_L008-contigs); status: RUNNING; exit: -; error: -; workDir: /Users/yanyan/Documents/projects/pipeline_improvement/nextflow-assembly-unaligned/work/4e/a0d1490546f49cad4a3d22024c2699]
Oct-31 00:28:57.406 [Task monitor] DEBUG n.processor.TaskPollingMonitor - !! executor local > tasks to be completed: 2 -- submitted tasks are shown below
~> TaskHandler[id: 2; name: CALC_UNALIGNED_STATS (24300FL-09-01-66_S442_L008-contigs); status: RUNNING; exit: -; error: -; workDir: /Users/yanyan/Documents/projects/pipeline_improvement/nextflow-assembly-unaligned/work/7f/b1c2dc5416d9329562d03f7727193c]
~> TaskHandler[id: 1; name: CALC_UNALIGNED_STATS (24300FL-09-01-85_S461_L008-contigs); status: RUNNING; exit: -; error: -; workDir: /Users/yanyan/Documents/projects/pipeline_improvement/nextflow-assembly-unaligned/work/4e/a0d1490546f49cad4a3d22024c2699]
Oct-31 00:33:57.479 [Task monitor] DEBUG n.processor.TaskPollingMonitor - !! executor local > tasks to be completed: 2 -- submitted tasks are shown below
~> TaskHandler[id: 2; name: CALC_UNALIGNED_STATS (24300FL-09-01-66_S442_L008-contigs); status: RUNNING; exit: -; error: -; workDir: /Users/yanyan/Documents/projects/pipeline_improvement/nextflow-assembly-unaligned/work/7f/b1c2dc5416d9329562d03f7727193c]
~> TaskHandler[id: 1; name: CALC_UNALIGNED_STATS (24300FL-09-01-85_S461_L008-contigs); status: RUNNING; exit: -; error: -; workDir: /Users/yanyan/Documents/projects/pipeline_improvement/nextflow-assembly-unaligned/work/4e/a0d1490546f49cad4a3d22024c2699]
Oct-31 00:38:57.547 [Task monitor] DEBUG n.processor.TaskPollingMonitor - !! executor local > tasks to be completed: 2 -- submitted tasks are shown below
~> TaskHandler[id: 2; name: CALC_UNALIGNED_STATS (24300FL-09-01-66_S442_L008-contigs); status: RUNNING; exit: -; error: -; workDir: /Users/yanyan/Documents/projects/pipeline_improvement/nextflow-assembly-unaligned/work/7f/b1c2dc5416d9329562d03f7727193c]
~> TaskHandler[id: 1; name: CALC_UNALIGNED_STATS (24300FL-09-01-85_S461_L008-contigs); status: RUNNING; exit: -; error: -; workDir: /Users/yanyan/Documents/projects/pipeline_improvement/nextflow-assembly-unaligned/work/4e/a0d1490546f49cad4a3d22024c2699]
Oct-31 00:43:57.557 [Task monitor] DEBUG n.processor.TaskPollingMonitor - !! executor local > tasks to be completed: 2 -- submitted tasks are shown below
~> TaskHandler[id: 2; name: CALC_UNALIGNED_STATS (24300FL-09-01-66_S442_L008-contigs); status: RUNNING; exit: -; error: -; workDir: /Users/yanyan/Documents/projects/pipeline_improvement/nextflow-assembly-unaligned/work/7f/b1c2dc5416d9329562d03f7727193c]
~> TaskHandler[id: 1; name: CALC_UNALIGNED_STATS (24300FL-09-01-85_S461_L008-contigs); status: RUNNING; exit: -; error: -; workDir: /Users/yanyan/Documents/projects/pipeline_improvement/nextflow-assembly-unaligned/work/4e/a0d1490546f49cad4a3d22024c2699]
Oct-31 00:48:57.644 [Task monitor] DEBUG n.processor.TaskPollingMonitor - !! executor local > tasks to be completed: 2 -- submitted tasks are shown below
~> TaskHandler[id: 2; name: CALC_UNALIGNED_STATS (24300FL-09-01-66_S442_L008-contigs); status: RUNNING; exit: -; error: -; workDir: /Users/yanyan/Documents/projects/pipeline_improvement/nextflow-assembly-unaligned/work/7f/b1c2dc5416d9329562d03f7727193c]
~> TaskHandler[id: 1; name: CALC_UNALIGNED_STATS (24300FL-09-01-85_S461_L008-contigs); status: RUNNING; exit: -; error: -; workDir: /Users/yanyan/Documents/projects/pipeline_improvement/nextflow-assembly-unaligned/work/4e/a0d1490546f49cad4a3d22024c2699]
Oct-31 00:53:57.678 [Task monitor] DEBUG n.processor.TaskPollingMonitor - !! executor local > tasks to be completed: 2 -- submitted tasks are shown below
~> TaskHandler[id: 2; name: CALC_UNALIGNED_STATS (24300FL-09-01-66_S442_L008-contigs); status: RUNNING; exit: -; error: -; workDir: /Users/yanyan/Documents/projects/pipeline_improvement/nextflow-assembly-unaligned/work/7f/b1c2dc5416d9329562d03f7727193c]
~> TaskHandler[id: 1; name: CALC_UNALIGNED_STATS (24300FL-09-01-85_S461_L008-contigs); status: RUNNING; exit: -; error: -; workDir: /Users/yanyan/Documents/projects/pipeline_improvement/nextflow-assembly-unaligned/work/4e/a0d1490546f49cad4a3d22024c2699]
Oct-31 00:58:57.738 [Task monitor] DEBUG n.processor.TaskPollingMonitor - !! executor local > tasks to be completed: 2 -- submitted tasks are shown below
~> TaskHandler[id: 2; name: CALC_UNALIGNED_STATS (24300FL-09-01-66_S442_L008-contigs); status: RUNNING; exit: -; error: -; workDir: /Users/yanyan/Documents/projects/pipeline_improvement/nextflow-assembly-unaligned/work/7f/b1c2dc5416d9329562d03f7727193c]
~> TaskHandler[id: 1; name: CALC_UNALIGNED_STATS (24300FL-09-01-85_S461_L008-contigs); status: RUNNING; exit: -; error: -; workDir: /Users/yanyan/Documents/projects/pipeline_improvement/nextflow-assembly-unaligned/work/4e/a0d1490546f49cad4a3d22024c2699]
Oct-31 01:03:57.792 [Task monitor] DEBUG n.processor.TaskPollingMonitor - !! executor local > tasks to be completed: 2 -- submitted tasks are shown below
~> TaskHandler[id: 2; name: CALC_UNALIGNED_STATS (24300FL-09-01-66_S442_L008-contigs); status: RUNNING; exit: -; error: -; workDir: /Users/yanyan/Documents/projects/pipeline_improvement/nextflow-assembly-unaligned/work/7f/b1c2dc5416d9329562d03f7727193c]
~> TaskHandler[id: 1; name: CALC_UNALIGNED_STATS (24300FL-09-01-85_S461_L008-contigs); status: RUNNING; exit: -; error: -; workDir: /Users/yanyan/Documents/projects/pipeline_improvement/nextflow-assembly-unaligned/work/4e/a0d1490546f49cad4a3d22024c2699]
Oct-31 01:08:57.874 [Task monitor] DEBUG n.processor.TaskPollingMonitor - !! executor local > tasks to be completed: 2 -- submitted tasks are shown below
~> TaskHandler[id: 2; name: CALC_UNALIGNED_STATS (24300FL-09-01-66_S442_L008-contigs); status: RUNNING; exit: -; error: -; workDir: /Users/yanyan/Documents/projects/pipeline_improvement/nextflow-assembly-unaligned/work/7f/b1c2dc5416d9329562d03f7727193c]
~> TaskHandler[id: 1; name: CALC_UNALIGNED_STATS (24300FL-09-01-85_S461_L008-contigs); status: RUNNING; exit: -; error: -; workDir: /Users/yanyan/Documents/projects/pipeline_improvement/nextflow-assembly-unaligned/work/4e/a0d1490546f49cad4a3d22024c2699]
Oct-31 01:13:57.952 [Task monitor] DEBUG n.processor.TaskPollingMonitor - !! executor local > tasks to be completed: 2 -- submitted tasks are shown below
~> TaskHandler[id: 2; name: CALC_UNALIGNED_STATS (24300FL-09-01-66_S442_L008-contigs); status: RUNNING; exit: -; error: -; workDir: /Users/yanyan/Documents/projects/pipeline_improvement/nextflow-assembly-unaligned/work/7f/b1c2dc5416d9329562d03f7727193c]
~> TaskHandler[id: 1; name: CALC_UNALIGNED_STATS (24300FL-09-01-85_S461_L008-contigs); status: RUNNING; exit: -; error: -; workDir: /Users/yanyan/Documents/projects/pipeline_improvement/nextflow-assembly-unaligned/work/4e/a0d1490546f49cad4a3d22024c2699]
Oct-31 01:18:58.051 [Task monitor] DEBUG n.processor.TaskPollingMonitor - !! executor local > tasks to be completed: 2 -- submitted tasks are shown below
~> TaskHandler[id: 2; name: CALC_UNALIGNED_STATS (24300FL-09-01-66_S442_L008-contigs); status: RUNNING; exit: -; error: -; workDir: /Users/yanyan/Documents/projects/pipeline_improvement/nextflow-assembly-unaligned/work/7f/b1c2dc5416d9329562d03f7727193c]
~> TaskHandler[id: 1; name: CALC_UNALIGNED_STATS (24300FL-09-01-85_S461_L008-contigs); status: RUNNING; exit: -; error: -; workDir: /Users/yanyan/Documents/projects/pipeline_improvement/nextflow-assembly-unaligned/work/4e/a0d1490546f49cad4a3d22024c2699]
Oct-31 01:23:58.089 [Task monitor] DEBUG n.processor.TaskPollingMonitor - !! executor local > tasks to be completed: 2 -- submitted tasks are shown below
~> TaskHandler[id: 2; name: CALC_UNALIGNED_STATS (24300FL-09-01-66_S442_L008-contigs); status: RUNNING; exit: -; error: -; workDir: /Users/yanyan/Documents/projects/pipeline_improvement/nextflow-assembly-unaligned/work/7f/b1c2dc5416d9329562d03f7727193c]
~> TaskHandler[id: 1; name: CALC_UNALIGNED_STATS (24300FL-09-01-85_S461_L008-contigs); status: RUNNING; exit: -; error: -; workDir: /Users/yanyan/Documents/projects/pipeline_improvement/nextflow-assembly-unaligned/work/4e/a0d1490546f49cad4a3d22024c2699]
Oct-31 01:28:58.123 [Task monitor] DEBUG n.processor.TaskPollingMonitor - !! executor local > tasks to be completed: 2 -- submitted tasks are shown below
~> TaskHandler[id: 2; name: CALC_UNALIGNED_STATS (24300FL-09-01-66_S442_L008-contigs); status: RUNNING; exit: -; error: -; workDir: /Users/yanyan/Documents/projects/pipeline_improvement/nextflow-assembly-unaligned/work/7f/b1c2dc5416d9329562d03f7727193c]
~> TaskHandler[id: 1; name: CALC_UNALIGNED_STATS (24300FL-09-01-85_S461_L008-contigs); status: RUNNING; exit: -; error: -; workDir: /Users/yanyan/Documents/projects/pipeline_improvement/nextflow-assembly-unaligned/work/4e/a0d1490546f49cad4a3d22024c2699]
Oct-31 01:33:58.139 [Task monitor] DEBUG n.processor.TaskPollingMonitor - !! executor local > tasks to be completed: 2 -- submitted tasks are shown below
~> TaskHandler[id: 2; name: CALC_UNALIGNED_STATS (24300FL-09-01-66_S442_L008-contigs); status: RUNNING; exit: -; error: -; workDir: /Users/yanyan/Documents/projects/pipeline_improvement/nextflow-assembly-unaligned/work/7f/b1c2dc5416d9329562d03f7727193c]
~> TaskHandler[id: 1; name: CALC_UNALIGNED_STATS (24300FL-09-01-85_S461_L008-contigs); status: RUNNING; exit: -; error: -; workDir: /Users/yanyan/Documents/projects/pipeline_improvement/nextflow-assembly-unaligned/work/4e/a0d1490546f49cad4a3d22024c2699]
Oct-31 01:38:58.171 [Task monitor] DEBUG n.processor.TaskPollingMonitor - !! executor local > tasks to be completed: 2 -- submitted tasks are shown below
~> TaskHandler[id: 2; name: CALC_UNALIGNED_STATS (24300FL-09-01-66_S442_L008-contigs); status: RUNNING; exit: -; error: -; workDir: /Users/yanyan/Documents/projects/pipeline_improvement/nextflow-assembly-unaligned/work/7f/b1c2dc5416d9329562d03f7727193c]
~> TaskHandler[id: 1; name: CALC_UNALIGNED_STATS (24300FL-09-01-85_S461_L008-contigs); status: RUNNING; exit: -; error: -; workDir: /Users/yanyan/Documents/projects/pipeline_improvement/nextflow-assembly-unaligned/work/4e/a0d1490546f49cad4a3d22024c2699]
Oct-31 01:43:58.243 [Task monitor] DEBUG n.processor.TaskPollingMonitor - !! executor local > tasks to be completed: 2 -- submitted tasks are shown below
~> TaskHandler[id: 2; name: CALC_UNALIGNED_STATS (24300FL-09-01-66_S442_L008-contigs); status: RUNNING; exit: -; error: -; workDir: /Users/yanyan/Documents/projects/pipeline_improvement/nextflow-assembly-unaligned/work/7f/b1c2dc5416d9329562d03f7727193c]
~> TaskHandler[id: 1; name: CALC_UNALIGNED_STATS (24300FL-09-01-85_S461_L008-contigs); status: RUNNING; exit: -; error: -; workDir: /Users/yanyan/Documents/projects/pipeline_improvement/nextflow-assembly-unaligned/work/4e/a0d1490546f49cad4a3d22024c2699]
Oct-31 01:48:58.312 [Task monitor] DEBUG n.processor.TaskPollingMonitor - !! executor local > tasks to be completed: 2 -- submitted tasks are shown below
~> TaskHandler[id: 2; name: CALC_UNALIGNED_STATS (24300FL-09-01-66_S442_L008-contigs); status: RUNNING; exit: -; error: -; workDir: /Users/yanyan/Documents/projects/pipeline_improvement/nextflow-assembly-unaligned/work/7f/b1c2dc5416d9329562d03f7727193c]
~> TaskHandler[id: 1; name: CALC_UNALIGNED_STATS (24300FL-09-01-85_S461_L008-contigs); status: RUNNING; exit: -; error: -; workDir: /Users/yanyan/Documents/projects/pipeline_improvement/nextflow-assembly-unaligned/work/4e/a0d1490546f49cad4a3d22024c2699]
Oct-31 01:53:58.346 [Task monitor] DEBUG n.processor.TaskPollingMonitor - !! executor local > tasks to be completed: 2 -- submitted tasks are shown below
~> TaskHandler[id: 2; name: CALC_UNALIGNED_STATS (24300FL-09-01-66_S442_L008-contigs); status: RUNNING; exit: -; error: -; workDir: /Users/yanyan/Documents/projects/pipeline_improvement/nextflow-assembly-unaligned/work/7f/b1c2dc5416d9329562d03f7727193c]
~> TaskHandler[id: 1; name: CALC_UNALIGNED_STATS (24300FL-09-01-85_S461_L008-contigs); status: RUNNING; exit: -; error: -; workDir: /Users/yanyan/Documents/projects/pipeline_improvement/nextflow-assembly-unaligned/work/4e/a0d1490546f49cad4a3d22024c2699]
Oct-31 01:58:58.383 [Task monitor] DEBUG n.processor.TaskPollingMonitor - !! executor local > tasks to be completed: 2 -- submitted tasks are shown below
~> TaskHandler[id: 2; name: CALC_UNALIGNED_STATS (24300FL-09-01-66_S442_L008-contigs); status: RUNNING; exit: -; error: -; workDir: /Users/yanyan/Documents/projects/pipeline_improvement/nextflow-assembly-unaligned/work/7f/b1c2dc5416d9329562d03f7727193c]
~> TaskHandler[id: 1; name: CALC_UNALIGNED_STATS (24300FL-09-01-85_S461_L008-contigs); status: RUNNING; exit: -; error: -; workDir: /Users/yanyan/Documents/projects/pipeline_improvement/nextflow-assembly-unaligned/work/4e/a0d1490546f49cad4a3d22024c2699]
Oct-31 02:03:58.408 [Task monitor] DEBUG n.processor.TaskPollingMonitor - !! executor local > tasks to be completed: 2 -- submitted tasks are shown below
~> TaskHandler[id: 2; name: CALC_UNALIGNED_STATS (24300FL-09-01-66_S442_L008-contigs); status: RUNNING; exit: -; error: -; workDir: /Users/yanyan/Documents/projects/pipeline_improvement/nextflow-assembly-unaligned/work/7f/b1c2dc5416d9329562d03f7727193c]
~> TaskHandler[id: 1; name: CALC_UNALIGNED_STATS (24300FL-09-01-85_S461_L008-contigs); status: RUNNING; exit: -; error: -; workDir: /Users/yanyan/Documents/projects/pipeline_improvement/nextflow-assembly-unaligned/work/4e/a0d1490546f49cad4a3d22024c2699]
Oct-31 02:08:58.501 [Task monitor] DEBUG n.processor.TaskPollingMonitor - !! executor local > tasks to be completed: 2 -- submitted tasks are shown below
~> TaskHandler[id: 2; name: CALC_UNALIGNED_STATS (24300FL-09-01-66_S442_L008-contigs); status: RUNNING; exit: -; error: -; workDir: /Users/yanyan/Documents/projects/pipeline_improvement/nextflow-assembly-unaligned/work/7f/b1c2dc5416d9329562d03f7727193c]
~> TaskHandler[id: 1; name: CALC_UNALIGNED_STATS (24300FL-09-01-85_S461_L008-contigs); status: RUNNING; exit: -; error: -; workDir: /Users/yanyan/Documents/projects/pipeline_improvement/nextflow-assembly-unaligned/work/4e/a0d1490546f49cad4a3d22024c2699]
Oct-31 02:13:58.588 [Task monitor] DEBUG n.processor.TaskPollingMonitor - !! executor local > tasks to be completed: 2 -- submitted tasks are shown below
~> TaskHandler[id: 2; name: CALC_UNALIGNED_STATS (24300FL-09-01-66_S442_L008-contigs); status: RUNNING; exit: -; error: -; workDir: /Users/yanyan/Documents/projects/pipeline_improvement/nextflow-assembly-unaligned/work/7f/b1c2dc5416d9329562d03f7727193c]
~> TaskHandler[id: 1; name: CALC_UNALIGNED_STATS (24300FL-09-01-85_S461_L008-contigs); status: RUNNING; exit: -; error: -; workDir: /Users/yanyan/Documents/projects/pipeline_improvement/nextflow-assembly-unaligned/work/4e/a0d1490546f49cad4a3d22024c2699]
Oct-31 02:18:58.609 [Task monitor] DEBUG n.processor.TaskPollingMonitor - !! executor local > tasks to be completed: 2 -- submitted tasks are shown below
~> TaskHandler[id: 2; name: CALC_UNALIGNED_STATS (24300FL-09-01-66_S442_L008-contigs); status: RUNNING; exit: -; error: -; workDir: /Users/yanyan/Documents/projects/pipeline_improvement/nextflow-assembly-unaligned/work/7f/b1c2dc5416d9329562d03f7727193c]
~> TaskHandler[id: 1; name: CALC_UNALIGNED_STATS (24300FL-09-01-85_S461_L008-contigs); status: RUNNING; exit: -; error: -; workDir: /Users/yanyan/Documents/projects/pipeline_improvement/nextflow-assembly-unaligned/work/4e/a0d1490546f49cad4a3d22024c2699]
Oct-31 02:39:40.382 [Task monitor] DEBUG n.processor.TaskPollingMonitor - !! executor local > tasks to be completed: 2 -- submitted tasks are shown below
~> TaskHandler[id: 2; name: CALC_UNALIGNED_STATS (24300FL-09-01-66_S442_L008-contigs); status: RUNNING; exit: -; error: -; workDir: /Users/yanyan/Documents/projects/pipeline_improvement/nextflow-assembly-unaligned/work/7f/b1c2dc5416d9329562d03f7727193c]
~> TaskHandler[id: 1; name: CALC_UNALIGNED_STATS (24300FL-09-01-85_S461_L008-contigs); status: RUNNING; exit: -; error: -; workDir: /Users/yanyan/Documents/projects/pipeline_improvement/nextflow-assembly-unaligned/work/4e/a0d1490546f49cad4a3d22024c2699]
Oct-31 02:56:16.211 [Task monitor] DEBUG n.processor.TaskPollingMonitor - !! executor local > tasks to be completed: 2 -- submitted tasks are shown below
~> TaskHandler[id: 2; name: CALC_UNALIGNED_STATS (24300FL-09-01-66_S442_L008-contigs); status: RUNNING; exit: -; error: -; workDir: /Users/yanyan/Documents/projects/pipeline_improvement/nextflow-assembly-unaligned/work/7f/b1c2dc5416d9329562d03f7727193c]
~> TaskHandler[id: 1; name: CALC_UNALIGNED_STATS (24300FL-09-01-85_S461_L008-contigs); status: RUNNING; exit: -; error: -; workDir: /Users/yanyan/Documents/projects/pipeline_improvement/nextflow-assembly-unaligned/work/4e/a0d1490546f49cad4a3d22024c2699]
Oct-31 03:01:16.265 [Task monitor] DEBUG n.processor.TaskPollingMonitor - !! executor local > tasks to be completed: 2 -- submitted tasks are shown below
~> TaskHandler[id: 2; name: CALC_UNALIGNED_STATS (24300FL-09-01-66_S442_L008-contigs); status: RUNNING; exit: -; error: -; workDir: /Users/yanyan/Documents/projects/pipeline_improvement/nextflow-assembly-unaligned/work/7f/b1c2dc5416d9329562d03f7727193c]
~> TaskHandler[id: 1; name: CALC_UNALIGNED_STATS (24300FL-09-01-85_S461_L008-contigs); status: RUNNING; exit: -; error: -; workDir: /Users/yanyan/Documents/projects/pipeline_improvement/nextflow-assembly-unaligned/work/4e/a0d1490546f49cad4a3d22024c2699]
Oct-31 03:19:59.561 [Task monitor] DEBUG n.processor.TaskPollingMonitor - !! executor local > tasks to be completed: 2 -- submitted tasks are shown below
~> TaskHandler[id: 2; name: CALC_UNALIGNED_STATS (24300FL-09-01-66_S442_L008-contigs); status: RUNNING; exit: -; error: -; workDir: /Users/yanyan/Documents/projects/pipeline_improvement/nextflow-assembly-unaligned/work/7f/b1c2dc5416d9329562d03f7727193c]
~> TaskHandler[id: 1; name: CALC_UNALIGNED_STATS (24300FL-09-01-85_S461_L008-contigs); status: RUNNING; exit: -; error: -; workDir: /Users/yanyan/Documents/projects/pipeline_improvement/nextflow-assembly-unaligned/work/4e/a0d1490546f49cad4a3d22024c2699]
Oct-31 03:38:11.208 [Task monitor] DEBUG n.processor.TaskPollingMonitor - !! executor local > tasks to be completed: 2 -- submitted tasks are shown below
~> TaskHandler[id: 2; name: CALC_UNALIGNED_STATS (24300FL-09-01-66_S442_L008-contigs); status: RUNNING; exit: -; error: -; workDir: /Users/yanyan/Documents/projects/pipeline_improvement/nextflow-assembly-unaligned/work/7f/b1c2dc5416d9329562d03f7727193c]
~> TaskHandler[id: 1; name: CALC_UNALIGNED_STATS (24300FL-09-01-85_S461_L008-contigs); status: RUNNING; exit: -; error: -; workDir: /Users/yanyan/Documents/projects/pipeline_improvement/nextflow-assembly-unaligned/work/4e/a0d1490546f49cad4a3d22024c2699]
Oct-31 03:54:15.042 [Task monitor] DEBUG n.processor.TaskPollingMonitor - !! executor local > tasks to be completed: 2 -- submitted tasks are shown below
~> TaskHandler[id: 2; name: CALC_UNALIGNED_STATS (24300FL-09-01-66_S442_L008-contigs); status: RUNNING; exit: -; error: -; workDir: /Users/yanyan/Documents/projects/pipeline_improvement/nextflow-assembly-unaligned/work/7f/b1c2dc5416d9329562d03f7727193c]
~> TaskHandler[id: 1; name: CALC_UNALIGNED_STATS (24300FL-09-01-85_S461_L008-contigs); status: RUNNING; exit: -; error: -; workDir: /Users/yanyan/Documents/projects/pipeline_improvement/nextflow-assembly-unaligned/work/4e/a0d1490546f49cad4a3d22024c2699]
Oct-31 04:11:36.985 [Task monitor] DEBUG n.processor.TaskPollingMonitor - !! executor local > tasks to be completed: 2 -- submitted tasks are shown below
~> TaskHandler[id: 2; name: CALC_UNALIGNED_STATS (24300FL-09-01-66_S442_L008-contigs); status: RUNNING; exit: -; error: -; workDir: /Users/yanyan/Documents/projects/pipeline_improvement/nextflow-assembly-unaligned/work/7f/b1c2dc5416d9329562d03f7727193c]
~> TaskHandler[id: 1; name: CALC_UNALIGNED_STATS (24300FL-09-01-85_S461_L008-contigs); status: RUNNING; exit: -; error: -; workDir: /Users/yanyan/Documents/projects/pipeline_improvement/nextflow-assembly-unaligned/work/4e/a0d1490546f49cad4a3d22024c2699]
Oct-31 04:17:01.930 [Task monitor] DEBUG n.processor.TaskPollingMonitor - !! executor local > tasks to be completed: 2 -- submitted tasks are shown below
~> TaskHandler[id: 2; name: CALC_UNALIGNED_STATS (24300FL-09-01-66_S442_L008-contigs); status: RUNNING; exit: -; error: -; workDir: /Users/yanyan/Documents/projects/pipeline_improvement/nextflow-assembly-unaligned/work/7f/b1c2dc5416d9329562d03f7727193c]
~> TaskHandler[id: 1; name: CALC_UNALIGNED_STATS (24300FL-09-01-85_S461_L008-contigs); status: RUNNING; exit: -; error: -; workDir: /Users/yanyan/Documents/projects/pipeline_improvement/nextflow-assembly-unaligned/work/4e/a0d1490546f49cad4a3d22024c2699]
Oct-31 04:35:24.924 [Task monitor] DEBUG n.processor.TaskPollingMonitor - !! executor local > tasks to be completed: 2 -- submitted tasks are shown below
~> TaskHandler[id: 2; name: CALC_UNALIGNED_STATS (24300FL-09-01-66_S442_L008-contigs); status: RUNNING; exit: -; error: -; workDir: /Users/yanyan/Documents/projects/pipeline_improvement/nextflow-assembly-unaligned/work/7f/b1c2dc5416d9329562d03f7727193c]
~> TaskHandler[id: 1; name: CALC_UNALIGNED_STATS (24300FL-09-01-85_S461_L008-contigs); status: RUNNING; exit: -; error: -; workDir: /Users/yanyan/Documents/projects/pipeline_improvement/nextflow-assembly-unaligned/work/4e/a0d1490546f49cad4a3d22024c2699]
Oct-31 04:51:55.859 [Task monitor] DEBUG n.processor.TaskPollingMonitor - !! executor local > tasks to be completed: 2 -- submitted tasks are shown below
~> TaskHandler[id: 2; name: CALC_UNALIGNED_STATS (24300FL-09-01-66_S442_L008-contigs); status: RUNNING; exit: -; error: -; workDir: /Users/yanyan/Documents/projects/pipeline_improvement/nextflow-assembly-unaligned/work/7f/b1c2dc5416d9329562d03f7727193c]
~> TaskHandler[id: 1; name: CALC_UNALIGNED_STATS (24300FL-09-01-85_S461_L008-contigs); status: RUNNING; exit: -; error: -; workDir: /Users/yanyan/Documents/projects/pipeline_improvement/nextflow-assembly-unaligned/work/4e/a0d1490546f49cad4a3d22024c2699]
Oct-31 05:07:43.171 [Task monitor] DEBUG n.processor.TaskPollingMonitor - !! executor local > tasks to be completed: 2 -- submitted tasks are shown below
~> TaskHandler[id: 2; name: CALC_UNALIGNED_STATS (24300FL-09-01-66_S442_L008-contigs); status: RUNNING; exit: -; error: -; workDir: /Users/yanyan/Documents/projects/pipeline_improvement/nextflow-assembly-unaligned/work/7f/b1c2dc5416d9329562d03f7727193c]
~> TaskHandler[id: 1; name: CALC_UNALIGNED_STATS (24300FL-09-01-85_S461_L008-contigs); status: RUNNING; exit: -; error: -; workDir: /Users/yanyan/Documents/projects/pipeline_improvement/nextflow-assembly-unaligned/work/4e/a0d1490546f49cad4a3d22024c2699]
Oct-31 05:25:53.525 [Task monitor] DEBUG n.processor.TaskPollingMonitor - !! executor local > tasks to be completed: 2 -- submitted tasks are shown below
~> TaskHandler[id: 2; name: CALC_UNALIGNED_STATS (24300FL-09-01-66_S442_L008-contigs); status: RUNNING; exit: -; error: -; workDir: /Users/yanyan/Documents/projects/pipeline_improvement/nextflow-assembly-unaligned/work/7f/b1c2dc5416d9329562d03f7727193c]
~> TaskHandler[id: 1; name: CALC_UNALIGNED_STATS (24300FL-09-01-85_S461_L008-contigs); status: RUNNING; exit: -; error: -; workDir: /Users/yanyan/Documents/projects/pipeline_improvement/nextflow-assembly-unaligned/work/4e/a0d1490546f49cad4a3d22024c2699]
Oct-31 05:44:51.181 [Task monitor] DEBUG n.processor.TaskPollingMonitor - !! executor local > tasks to be completed: 2 -- submitted tasks are shown below
~> TaskHandler[id: 2; name: CALC_UNALIGNED_STATS (24300FL-09-01-66_S442_L008-contigs); status: RUNNING; exit: -; error: -; workDir: /Users/yanyan/Documents/projects/pipeline_improvement/nextflow-assembly-unaligned/work/7f/b1c2dc5416d9329562d03f7727193c]
~> TaskHandler[id: 1; name: CALC_UNALIGNED_STATS (24300FL-09-01-85_S461_L008-contigs); status: RUNNING; exit: -; error: -; workDir: /Users/yanyan/Documents/projects/pipeline_improvement/nextflow-assembly-unaligned/work/4e/a0d1490546f49cad4a3d22024c2699]
Oct-31 06:01:47.146 [Task monitor] DEBUG n.processor.TaskPollingMonitor - !! executor local > tasks to be completed: 2 -- submitted tasks are shown below
~> TaskHandler[id: 2; name: CALC_UNALIGNED_STATS (24300FL-09-01-66_S442_L008-contigs); status: RUNNING; exit: -; error: -; workDir: /Users/yanyan/Documents/projects/pipeline_improvement/nextflow-assembly-unaligned/work/7f/b1c2dc5416d9329562d03f7727193c]
~> TaskHandler[id: 1; name: CALC_UNALIGNED_STATS (24300FL-09-01-85_S461_L008-contigs); status: RUNNING; exit: -; error: -; workDir: /Users/yanyan/Documents/projects/pipeline_improvement/nextflow-assembly-unaligned/work/4e/a0d1490546f49cad4a3d22024c2699]
Oct-31 06:12:39.464 [Task monitor] DEBUG n.processor.TaskPollingMonitor - !! executor local > tasks to be completed: 2 -- submitted tasks are shown below
~> TaskHandler[id: 2; name: CALC_UNALIGNED_STATS (24300FL-09-01-66_S442_L008-contigs); status: RUNNING; exit: -; error: -; workDir: /Users/yanyan/Documents/projects/pipeline_improvement/nextflow-assembly-unaligned/work/7f/b1c2dc5416d9329562d03f7727193c]
~> TaskHandler[id: 1; name: CALC_UNALIGNED_STATS (24300FL-09-01-85_S461_L008-contigs); status: RUNNING; exit: -; error: -; workDir: /Users/yanyan/Documents/projects/pipeline_improvement/nextflow-assembly-unaligned/work/4e/a0d1490546f49cad4a3d22024c2699]
